TN:
SF:src/app.js
FN:32,(anonymous_0)
FN:36,(anonymous_1)
FN:46,(anonymous_2)
FNF:3
FNH:1
FNDA:6,(anonymous_0)
FNDA:0,(anonymous_1)
FNDA:0,(anonymous_2)
DA:14,3
DA:15,3
DA:17,3
DA:23,3
DA:25,3
DA:26,3
DA:27,3
DA:28,3
DA:30,3
DA:32,3
DA:33,6
DA:34,0
DA:35,0
DA:36,0
DA:37,0
DA:40,6
DA:41,6
DA:44,3
DA:46,3
DA:47,0
DA:48,0
LF:21
LH:15
BRDA:33,0,0,0
BRDA:33,0,1,6
BRDA:35,1,0,0
BRDA:35,1,1,0
BRF:4
BRH:1
end_of_record
TN:
SF:src/controllers/auth.controller.js
FN:7,(anonymous_0)
FN:30,(anonymous_1)
FN:45,(anonymous_2)
FN:54,(anonymous_3)
FNF:4
FNH:3
FNDA:2,(anonymous_0)
FNDA:0,(anonymous_1)
FNDA:1,(anonymous_2)
FNDA:4,(anonymous_3)
DA:7,3
DA:8,2
DA:10,2
DA:11,0
DA:12,2
DA:13,1
DA:16,1
DA:18,1
DA:19,1
DA:20,0
DA:23,1
DA:24,1
DA:25,0
DA:28,1
DA:29,0
DA:30,0
DA:32,1
DA:33,1
DA:36,1
DA:38,1
DA:43,1
DA:46,1
DA:47,0
DA:48,0
DA:50,1
DA:54,3
DA:55,4
DA:56,4
DA:58,3
DA:59,3
DA:61,2
DA:66,2
DA:70,2
LF:33
LH:26
BRDA:10,0,0,0
BRDA:10,0,1,2
BRDA:10,1,0,2
BRDA:10,1,1,2
BRDA:12,2,0,1
BRDA:12,2,1,1
BRDA:19,3,0,0
BRDA:19,3,1,1
BRDA:24,4,0,0
BRDA:24,4,1,1
BRDA:28,5,0,0
BRDA:28,5,1,1
BRDA:46,6,0,0
BRDA:46,6,1,1
BRDA:56,7,0,1
BRDA:56,7,1,3
BRDA:59,8,0,1
BRDA:59,8,1,2
BRF:18
BRH:13
end_of_record
TN:
SF:src/controllers/game.controller.js
FN:6,getRelevantInfo
FN:8,(anonymous_1)
FN:14,(anonymous_2)
FN:24,(anonymous_3)
FN:57,(anonymous_4)
FN:69,(anonymous_5)
FN:92,(anonymous_6)
FN:110,(anonymous_7)
FNF:8
FNH:8
FNDA:4,getRelevantInfo
FNDA:20,(anonymous_1)
FNDA:40,(anonymous_2)
FNDA:6,(anonymous_3)
FNDA:4,(anonymous_4)
FNDA:6,(anonymous_5)
FNDA:2,(anonymous_6)
FNDA:2,(anonymous_7)
DA:7,4
DA:8,4
DA:9,20
DA:10,20
DA:11,20
DA:12,20
DA:14,40
DA:19,20
DA:21,4
DA:24,3
DA:25,6
DA:26,6
DA:27,6
DA:29,5
DA:30,5
DA:42,5
DA:43,5
DA:44,5
DA:46,4
DA:47,4
DA:48,4
DA:49,4
DA:50,4
DA:51,4
DA:53,0
DA:57,3
DA:58,4
DA:59,4
DA:61,4
DA:62,1
DA:65,3
DA:67,3
DA:69,6
DA:70,3
DA:73,3
DA:74,3
DA:76,3
DA:77,3
DA:78,2
DA:79,2
DA:80,2
DA:81,2
DA:83,1
DA:84,1
DA:85,1
DA:88,0
DA:92,3
DA:93,2
DA:94,2
DA:95,2
DA:96,1
DA:97,1
DA:103,1
DA:106,1
DA:110,3
DA:111,2
DA:112,2
DA:113,2
DA:114,1
DA:115,1
DA:118,1
LF:61
LH:59
BRDA:27,0,0,1
BRDA:27,0,1,5
BRDA:42,1,0,3
BRDA:42,1,1,2
BRDA:43,2,0,3
BRDA:43,2,1,2
BRDA:44,3,0,1
BRDA:44,3,1,4
BRDA:44,4,0,5
BRDA:44,4,1,3
BRDA:44,4,2,2
BRDA:61,5,0,1
BRDA:61,5,1,3
BRDA:61,6,0,4
BRDA:61,6,1,3
BRDA:76,7,0,2
BRDA:76,7,1,1
BRDA:76,8,0,3
BRDA:76,8,1,2
BRDA:77,9,0,2
BRDA:77,9,1,1
BRDA:96,10,0,0
BRDA:96,10,1,1
BRDA:114,11,0,0
BRDA:114,11,1,1
BRF:25
BRH:23
end_of_record
TN:
SF:src/controllers/user.controller.js
FN:3,(anonymous_0)
FN:13,(anonymous_1)
FN:25,(anonymous_2)
FN:65,(anonymous_3)
FNF:4
FNH:4
FNDA:5,(anonymous_0)
FNDA:1,(anonymous_1)
FNDA:4,(anonymous_2)
FNDA:1,(anonymous_3)
DA:3,3
DA:4,5
DA:5,5
DA:6,5
DA:7,5
DA:9,0
DA:13,3
DA:14,1
DA:15,1
DA:16,1
DA:17,0
DA:19,1
DA:21,0
DA:25,3
DA:26,4
DA:27,4
DA:28,4
DA:29,1
DA:33,3
DA:34,1
DA:35,1
DA:36,0
DA:38,1
DA:41,2
DA:42,1
DA:43,1
DA:44,0
DA:46,1
DA:49,1
DA:50,1
DA:51,1
DA:52,0
DA:54,1
DA:58,0
DA:59,0
DA:61,0
DA:65,3
DA:66,1
DA:67,1
DA:69,1
DA:71,1
DA:72,1
DA:73,0
DA:74,0
DA:75,0
DA:76,0
DA:80,1
DA:81,0
DA:84,1
DA:89,1
DA:90,0
DA:94,1
DA:96,0
DA:97,0
LF:54
LH:37
BRDA:16,0,0,0
BRDA:16,0,1,1
BRDA:28,1,0,1
BRDA:28,1,1,3
BRDA:33,2,0,1
BRDA:33,2,1,2
BRDA:35,3,0,0
BRDA:35,3,1,1
BRDA:41,4,0,1
BRDA:41,4,1,1
BRDA:43,5,0,0
BRDA:43,5,1,1
BRDA:49,6,0,1
BRDA:49,6,1,0
BRDA:51,7,0,0
BRDA:51,7,1,1
BRDA:71,8,0,1
BRDA:71,8,1,0
BRDA:73,9,0,0
BRDA:73,9,1,0
BRDA:75,10,0,0
BRDA:75,10,1,0
BRDA:80,11,0,0
BRDA:80,11,1,1
BRDA:89,12,0,0
BRDA:89,12,1,1
BRF:26
BRH:14
end_of_record
TN:
SF:src/db/mongoose.js
FN:6,(anonymous_0)
FN:16,(anonymous_1)
FNF:2
FNH:0
FNDA:0,(anonymous_0)
FNDA:0,(anonymous_1)
DA:4,3
DA:6,3
DA:7,0
DA:8,0
DA:9,0
DA:11,0
DA:12,0
DA:16,3
DA:17,0
DA:18,0
DA:20,0
DA:21,0
LF:12
LH:3
BRF:0
BRH:0
end_of_record
TN:
SF:src/libs/initialSetup.js
FN:3,(anonymous_0)
FNF:1
FNH:1
FNDA:6,(anonymous_0)
DA:3,3
DA:4,6
DA:5,6
DA:6,6
DA:8,6
DA:15,0
LF:6
LH:5
BRDA:6,0,0,0
BRDA:6,0,1,6
BRF:2
BRH:1
end_of_record
TN:
SF:src/middlewares/authorization.js
FN:5,(anonymous_0)
FN:22,(anonymous_1)
FN:46,(anonymous_2)
FNF:3
FNH:3
FNDA:10,(anonymous_0)
FNDA:6,(anonymous_1)
FNDA:1,(anonymous_2)
DA:5,3
DA:6,10
DA:7,10
DA:8,10
DA:10,7
DA:11,7
DA:12,7
DA:13,7
DA:15,7
DA:17,0
DA:18,0
DA:22,3
DA:23,6
DA:24,6
DA:25,0
DA:28,6
DA:29,6
DA:30,6
DA:31,6
DA:32,6
DA:33,6
DA:34,6
DA:35,6
DA:39,0
DA:42,0
DA:46,3
DA:47,1
DA:48,1
DA:49,0
DA:52,1
DA:53,1
DA:54,1
DA:55,1
DA:56,1
DA:57,1
DA:58,1
DA:59,1
DA:63,0
DA:66,0
LF:39
LH:31
BRDA:8,0,0,3
BRDA:8,0,1,7
BRDA:13,1,0,0
BRDA:13,1,1,7
BRDA:24,2,0,0
BRDA:24,2,1,6
BRDA:34,3,0,6
BRDA:34,3,1,0
BRDA:48,4,0,0
BRDA:48,4,1,1
BRDA:58,5,0,1
BRDA:58,5,1,0
BRDA:58,6,0,1
BRDA:58,6,1,1
BRF:14
BRH:9
end_of_record
TN:
SF:src/middlewares/index.js
FNF:0
FNH:0
LF:0
LH:0
BRF:0
BRH:0
end_of_record
TN:
SF:src/middlewares/validator.js
FN:4,(anonymous_0)
FN:17,(anonymous_1)
FNF:2
FNH:2
FNDA:8,(anonymous_0)
FNDA:11,(anonymous_1)
DA:4,3
DA:5,8
DA:6,0
DA:7,0
DA:8,0
DA:14,8
DA:17,3
DA:18,11
DA:19,11
DA:21,8
DA:22,8
DA:24,8
LF:12
LH:9
BRDA:5,0,0,0
BRDA:5,0,1,8
BRDA:7,1,0,0
BRDA:7,1,1,0
BRDA:19,2,0,3
BRDA:19,2,1,8
BRDA:22,3,0,0
BRDA:22,3,1,8
BRF:8
BRH:4
end_of_record
TN:
SF:src/models/game.js
FNF:0
FNH:0
DA:3,3
DA:48,3
LF:2
LH:2
BRF:0
BRH:0
end_of_record
TN:
SF:src/models/role.js
FNF:0
FNH:0
DA:3,3
DA:5,3
DA:17,3
LF:3
LH:3
BRF:0
BRH:0
end_of_record
TN:
SF:src/models/user.js
FN:40,(anonymous_0)
FN:49,(anonymous_1)
FNF:2
FNH:2
FNDA:5,(anonymous_0)
FNDA:3,(anonymous_1)
DA:4,3
DA:40,3
DA:41,5
DA:42,5
DA:44,0
DA:45,0
DA:49,3
DA:50,3
DA:51,3
DA:53,0
DA:54,0
DA:59,3
LF:12
LH:8
BRF:0
BRH:0
end_of_record
TN:
SF:src/routes/auth.routes.js
FN:8,(anonymous_0)
FN:13,(anonymous_1)
FNF:2
FNH:0
FNDA:0,(anonymous_0)
FNDA:0,(anonymous_1)
DA:6,3
DA:8,3
DA:9,0
DA:13,3
DA:14,0
LF:5
LH:3
BRF:0
BRH:0
end_of_record
TN:
SF:src/routes/game.routes.js
FN:8,(anonymous_0)
FN:12,(anonymous_1)
FN:16,(anonymous_2)
FN:20,(anonymous_3)
FNF:4
FNH:0
FNDA:0,(anonymous_0)
FNDA:0,(anonymous_1)
FNDA:0,(anonymous_2)
FNDA:0,(anonymous_3)
DA:6,3
DA:8,3
DA:9,0
DA:12,3
DA:13,0
DA:16,3
DA:17,0
DA:20,3
DA:21,0
LF:9
LH:5
BRF:0
BRH:0
end_of_record
TN:
SF:src/routes/user.routes.js
FN:10,(anonymous_0)
FN:14,(anonymous_1)
FN:19,(anonymous_2)
FN:23,(anonymous_3)
FN:28,(anonymous_4)
FNF:5
FNH:0
FNDA:0,(anonymous_0)
FNDA:0,(anonymous_1)
FNDA:0,(anonymous_2)
FNDA:0,(anonymous_3)
FNDA:0,(anonymous_4)
DA:8,3
DA:10,3
DA:11,0
DA:14,3
DA:15,0
DA:18,3
DA:20,0
DA:23,3
DA:24,0
DA:27,3
DA:29,0
LF:11
LH:6
BRF:0
BRH:0
end_of_record
